fail: Microsoft.AspNetCore.Components.Server.Circuits.CircuitHost[111]
      General Information 
      *********************************************
      Additional Info
      TimeStamp: 22/10/2025 14:11:12
      MachineName: N-Dais-MacBook-Pro
      AppDomainName: BootstrapBlazor.Server
      OS: Darwin 25.0.0 Darwin Kernel Version 25.0.0: Wed Sep 17 21:41:50 PDT 2025; root:xnu-12377.1.9~141/RELEASE_ARM64_T6030
      Framework: .NET 9.0.4
      UserName: admin
      EnvironmentName: Development
      Message: Unhandled exception in circuit 'oErGQEzGQPKbjeZgYMMepx29K7YFIu9WVIIC0dXGbcU'.
      
      1) Exception Information
      ---------------------------------------------
      Exception Type: Microsoft.JSInterop.JSException
      TargetSite: Void Throw()
      Message: Cannot read properties of null (reading 'classList')
      TypeError: Cannot read properties of null (reading 'classList')
          at Module.init (https://localhost:5053/_content/BootstrapBlazor/Components/Modal/ModalDialog.razor.js:12:27)
          at https://localhost:5053/_framework/blazor.web.js:1:2900
          at new Promise (<anonymous>)
          at w.beginInvokeJSFromDotNet (https://localhost:5053/_framework/blazor.web.js:1:2857)
          at vn._invokeClientMethod (https://localhost:5053/_framework/blazor.web.js:1:65750)
          at vn._processIncomingData (https://localhost:5053/_framework/blazor.web.js:1:63139)
          at Rn.onreceive (https://localhost:5053/_framework/blazor.web.js:1:56780)
          at WebSocket.<anonymous> (https://localhost:5053/_framework/blazor.web.js:1:80728)
      Data: System.Collections.ListDictionaryInternal
      HelpLink: 
      Source: System.Private.CoreLib
      HResult: -2146233088
      
      StackTrace Information
      *********************************************
         at Microsoft.JSInterop.JSObjectReferenceExtensions.InvokeVoidAsync(IJSObjectReference jsObjectReference, String identifier, CancellationToken cancellationToken, Object[] args)
         at BootstrapBlazor.Components.JSModule.InvokeVoidAsync(String identifier, CancellationToken cancellationToken, Object[] args) in /Users/admin/Documents/Projects/qc-system-tool-new-ui/src/BootstrapBlazor/Utils/JSModule.cs:line 54
         at BootstrapBlazor.Components.BootstrapModuleComponentBase.InvokeVoidAsync(String identifier, CancellationToken cancellationToken, Object[] args) in /Users/admin/Documents/Projects/qc-system-tool-new-ui/src/BootstrapBlazor/Components/BaseComponents/BootstrapModuleComponentBase.cs:line 145
         at BootstrapBlazor.Components.BootstrapModuleComponentBase.OnAfterRenderAsync(Boolean firstRender) in /Users/admin/Documents/Projects/qc-system-tool-new-ui/src/BootstrapBlazor/Components/BaseComponents/BootstrapModuleComponentBase.cs:line 73
         at Microsoft.AspNetCore.Components.RenderTree.Renderer.GetErrorHandledTask(Task taskToHandle, ComponentState owningComponentState)
      
      
fail: Microsoft.AspNetCore.Components.Server.Circuits.CircuitHost[111]
      General Information 
      *********************************************
      Additional Info
      TimeStamp: 22/10/2025 14:11:16
      MachineName: N-Dais-MacBook-Pro
      AppDomainName: BootstrapBlazor.Server
      OS: Darwin 25.0.0 Darwin Kernel Version 25.0.0: Wed Sep 17 21:41:50 PDT 2025; root:xnu-12377.1.9~141/RELEASE_ARM64_T6030
      Framework: .NET 9.0.4
      UserName: admin
      EnvironmentName: Development
      Message: Unhandled exception in circuit 'BtOOXkUJQR5BlTlSPbBr7eofEnsDjna_UmtjWvJMhIY'.
      
      1) Exception Information
      ---------------------------------------------
      Exception Type: System.InvalidOperationException
      TargetSite: Void MoveNext()
      Message: ToastService not registered. refer doc https://www.blazor.zone/install-webapp step 7 for BootstrapBlazorRoot; 未找到 BootstrapBlazorRoot 组件，无法完成当前操作，请根据 https://www.blazor.zone/install-webapp 第七步骤指引完成操作
      Data: System.Collections.ListDictionaryInternal
      HelpLink: 
      Source: BootstrapBlazor
      HResult: -2146233079
      
      StackTrace Information
      *********************************************
         at BootstrapBlazor.Components.BootstrapServiceBase`1.Invoke(TOption option, ComponentBase component) in /Users/admin/Documents/Projects/qc-system-tool-new-ui/src/BootstrapBlazor/Services/BootstrapServiceBase.cs:line 36
         at BootstrapBlazor.Components.ToastService.Show(ToastOption option, ToastContainer toastContainer) in /Users/admin/Documents/Projects/qc-system-tool-new-ui/src/BootstrapBlazor/Components/Toast/ToastService.cs:line 25
         at BootstrapBlazor.Server.Components.Pages.Login.Template1.OnLogin() in /Users/admin/Documents/Projects/qc-system-tool-new-ui/src/BootstrapBlazor.Server/Components/Pages/Login/Template1.razor:line 93
         at Microsoft.AspNetCore.Components.ComponentBase.CallStateHasChangedOnAsyncCompletion(Task task)
         at BootstrapBlazor.Components.Button.HandlerClick() in /Users/admin/Documents/Projects/qc-system-tool-new-ui/src/BootstrapBlazor/Components/Button/Button.razor.cs:line 85
         at BootstrapBlazor.Components.Button.OnClickButton() in /Users/admin/Documents/Projects/qc-system-tool-new-ui/src/BootstrapBlazor/Components/Button/Button.razor.cs:line 53
         at BootstrapBlazor.Components.BootstrapComponentBase.CallStateHasChangedOnAsyncCompletion(Task task) in /Users/admin/Documents/Projects/qc-system-tool-new-ui/src/BootstrapBlazor/Components/BaseComponents/BootstrapComponentBase.cs:line 45
         at BootstrapBlazor.Components.BootstrapComponentBase.CallStateHasChangedOnAsyncCompletion(Task task) in /Users/admin/Documents/Projects/qc-system-tool-new-ui/src/BootstrapBlazor/Components/BaseComponents/BootstrapComponentBase.cs:line 63
         at Microsoft.AspNetCore.Components.RenderTree.Renderer.GetErrorHandledTask(Task taskToHandle, ComponentState owningComponentState)
      
      
