fail: Microsoft.AspNetCore.Components.Server.Circuits.CircuitHost[111]
      General Information 
      *********************************************
      Additional Info
      TimeStamp: 25/10/2025 13:42:17
      MachineName: N-Dais-MacBook-Pro
      AppDomainName: BootstrapBlazor.Server
      OS: Darwin 25.0.0 Darwin Kernel Version 25.0.0: Wed Sep 17 21:41:50 PDT 2025; root:xnu-12377.1.9~141/RELEASE_ARM64_T6030
      Framework: .NET 9.0.4
      UserName: admin
      EnvironmentName: Development
      Message: Unhandled exception in circuit 'xjpvzeVXoP58oHha-U7B0qoW51E09hM_YgA441WYTW0'.
      
      1) Exception Information
      ---------------------------------------------
      Exception Type: Microsoft.JSInterop.JSException
      TargetSite: Void Throw()
      Message: System.ArgumentException: There is no tracked object with id '7'. Perhaps the DotNetObjectReference instance was already disposed. (Parameter 'dotNetObjectId')
         at Microsoft.JSInterop.JSRuntime.GetObjectReference(Int64 dotNetObjectId)
         at Microsoft.JSInterop.Infrastructure.DotNetDispatcher.BeginInvokeDotNet(JSRuntime jsRuntime, DotNetInvocationInfo invocationInfo, String argsJson)
      Error: System.ArgumentException: There is no tracked object with id '7'. Perhaps the DotNetObjectReference instance was already disposed. (Parameter 'dotNetObjectId')
         at Microsoft.JSInterop.JSRuntime.GetObjectReference(Int64 dotNetObjectId)
         at Microsoft.JSInterop.Infrastructure.DotNetDispatcher.BeginInvokeDotNet(JSRuntime jsRuntime, DotNetInvocationInfo invocationInfo, String argsJson)
          at w.endInvokeDotNetFromJS (https://localhost:5053/_framework/blazor.web.js:1:3158)
          at vn._invokeClientMethod (https://localhost:5053/_framework/blazor.web.js:1:65750)
          at vn._processIncomingData (https://localhost:5053/_framework/blazor.web.js:1:63139)
          at connection.onreceive (https://localhost:5053/_framework/blazor.web.js:1:56780)
          at i.onmessage (https://localhost:5053/_framework/blazor.web.js:1:80728)
      Data: System.Collections.ListDictionaryInternal
      HelpLink: 
      Source: System.Private.CoreLib
      HResult: -2146233088
      
      StackTrace Information
      *********************************************
         at Microsoft.JSInterop.JSObjectReferenceExtensions.InvokeVoidAsync(IJSObjectReference jsObjectReference, String identifier, CancellationToken cancellationToken, Object[] args)
         at BootstrapBlazor.Components.JSModule.InvokeVoidAsync(String identifier, CancellationToken cancellationToken, Object[] args) in /Users/admin/Documents/Projects/task9-ui/src/BootstrapBlazor/Utils/JSModule.cs:line 54
         at BootstrapBlazor.Components.BootstrapModuleComponentBase.InvokeVoidAsync(String identifier, CancellationToken cancellationToken, Object[] args) in /Users/admin/Documents/Projects/task9-ui/src/BootstrapBlazor/Components/BaseComponents/BootstrapModuleComponentBase.cs:line 145
         at BootstrapBlazor.Components.ConnectionHub.InvokeInitAsync() in /Users/admin/Documents/Projects/task9-ui/src/BootstrapBlazor/Components/ConnectionHub/ConnectionHub.cs:line 48
         at BootstrapBlazor.Components.BootstrapModuleComponentBase.OnAfterRenderAsync(Boolean firstRender) in /Users/admin/Documents/Projects/task9-ui/src/BootstrapBlazor/Components/BaseComponents/BootstrapModuleComponentBase.cs:line 73
         at Microsoft.AspNetCore.Components.RenderTree.Renderer.GetErrorHandledTask(Task taskToHandle, ComponentState owningComponentState)
      
      
fail: Microsoft.AspNetCore.Components.Server.Circuits.CircuitHost[111]
      General Information 
      *********************************************
      Additional Info
      TimeStamp: 25/10/2025 14:40:43
      MachineName: N-Dais-MacBook-Pro
      AppDomainName: BootstrapBlazor.Server
      OS: Darwin 25.0.0 Darwin Kernel Version 25.0.0: Wed Sep 17 21:41:50 PDT 2025; root:xnu-12377.1.9~141/RELEASE_ARM64_T6030
      Framework: .NET 9.0.4
      UserName: admin
      EnvironmentName: Development
      Message: Unhandled exception in circuit 'oWdofE8oLyKNxPKPM9XBEtjOAUngKxEBNa-VOS6LheM'.
      
      1) Exception Information
      ---------------------------------------------
      Exception Type: BootstrapBlazor.Server.Exceptions.UnauthorizedException
      TargetSite: Void MoveNext()
      Message: 
      Data: System.Collections.ListDictionaryInternal
      HelpLink: 
      Source: BootstrapBlazor.Server
      HResult: -2146233088
      
      StackTrace Information
      *********************************************
         at BootstrapBlazor.Server.Http.RequestClient.ReturnApiResponse[T](HttpResponseMessage httpResponseMessage) in /Users/admin/Documents/Projects/task9-ui/src/BootstrapBlazor.Server/Http/HttpClientService.cs:line 209
         at BootstrapBlazor.Server.Http.RequestClient.PostAPIAsync[T](String URL, Object input, Boolean notifyOk) in /Users/admin/Documents/Projects/task9-ui/src/BootstrapBlazor.Server/Http/HttpClientService.cs:line 75
         at BootstrapBlazor.Server.Services.SeoKpiWeightService.GetListAsync() in /Users/admin/Documents/Projects/task9-ui/src/BootstrapBlazor.Server/Services/SeoKpiWeightService/SeoKpiWeightService.cs:line 14
         at BootstrapBlazor.Server.Components.Task9.EvaluateSeoPerformance.LoadKPIs() in /Users/admin/Documents/Projects/task9-ui/src/BootstrapBlazor.Server/Components/Task9/EvaluateSeoPerformance.razor.cs:line 161
         at BootstrapBlazor.Server.Components.Task9.EvaluateSeoPerformance.OnInitializedAsync() in /Users/admin/Documents/Projects/task9-ui/src/BootstrapBlazor.Server/Components/Task9/EvaluateSeoPerformance.razor.cs:line 108
         at Microsoft.AspNetCore.Components.ComponentBase.RunInitAndSetParametersAsync()
         at Microsoft.AspNetCore.Components.RenderTree.Renderer.GetErrorHandledTask(Task taskToHandle, ComponentState owningComponentState)
      
      
fail: Microsoft.AspNetCore.Components.Server.Circuits.CircuitHost[111]
      General Information 
      *********************************************
      Additional Info
      TimeStamp: 25/10/2025 14:40:44
      MachineName: N-Dais-MacBook-Pro
      AppDomainName: BootstrapBlazor.Server
      OS: Darwin 25.0.0 Darwin Kernel Version 25.0.0: Wed Sep 17 21:41:50 PDT 2025; root:xnu-12377.1.9~141/RELEASE_ARM64_T6030
      Framework: .NET 9.0.4
      UserName: admin
      EnvironmentName: Development
      Message: Unhandled exception in circuit '7u2zHtfn-yJTmVCFNV8jkXpoOijW3MXPOzUn0kMOxLY'.
      
      1) Exception Information
      ---------------------------------------------
      Exception Type: Microsoft.JSInterop.JSException
      TargetSite: Void Throw()
      Message: Cannot read properties of null (reading 'classList')
      TypeError: Cannot read properties of null (reading 'classList')
          at Module.init (https://localhost:5053/_content/BootstrapBlazor/Components/Modal/ModalDialog.razor.js:12:27)
          at https://localhost:5053/_framework/blazor.web.js:1:2900
          at new Promise (<anonymous>)
          at w.beginInvokeJSFromDotNet (https://localhost:5053/_framework/blazor.web.js:1:2857)
          at vn._invokeClientMethod (https://localhost:5053/_framework/blazor.web.js:1:65750)
          at vn._processIncomingData (https://localhost:5053/_framework/blazor.web.js:1:63139)
          at Rn.onreceive (https://localhost:5053/_framework/blazor.web.js:1:56780)
          at WebSocket.<anonymous> (https://localhost:5053/_framework/blazor.web.js:1:80728)
      Data: System.Collections.ListDictionaryInternal
      HelpLink: 
      Source: System.Private.CoreLib
      HResult: -2146233088
      
      StackTrace Information
      *********************************************
         at Microsoft.JSInterop.JSObjectReferenceExtensions.InvokeVoidAsync(IJSObjectReference jsObjectReference, String identifier, CancellationToken cancellationToken, Object[] args)
         at BootstrapBlazor.Components.JSModule.InvokeVoidAsync(String identifier, CancellationToken cancellationToken, Object[] args) in /Users/admin/Documents/Projects/task9-ui/src/BootstrapBlazor/Utils/JSModule.cs:line 54
         at BootstrapBlazor.Components.BootstrapModuleComponentBase.InvokeVoidAsync(String identifier, CancellationToken cancellationToken, Object[] args) in /Users/admin/Documents/Projects/task9-ui/src/BootstrapBlazor/Components/BaseComponents/BootstrapModuleComponentBase.cs:line 145
         at BootstrapBlazor.Components.BootstrapModuleComponentBase.OnAfterRenderAsync(Boolean firstRender) in /Users/admin/Documents/Projects/task9-ui/src/BootstrapBlazor/Components/BaseComponents/BootstrapModuleComponentBase.cs:line 73
         at Microsoft.AspNetCore.Components.RenderTree.Renderer.GetErrorHandledTask(Task taskToHandle, ComponentState owningComponentState)
      
      
fail: Microsoft.AspNetCore.Components.Server.Circuits.CircuitHost[111]
      General Information 
      *********************************************
      Additional Info
      TimeStamp: 25/10/2025 14:40:44
      MachineName: N-Dais-MacBook-Pro
      AppDomainName: BootstrapBlazor.Server
      OS: Darwin 25.0.0 Darwin Kernel Version 25.0.0: Wed Sep 17 21:41:50 PDT 2025; root:xnu-12377.1.9~141/RELEASE_ARM64_T6030
      Framework: .NET 9.0.4
      UserName: admin
      EnvironmentName: Development
      Message: Unhandled exception in circuit '7u2zHtfn-yJTmVCFNV8jkXpoOijW3MXPOzUn0kMOxLY'.
      
      1) Exception Information
      ---------------------------------------------
      Exception Type: System.ArgumentNullException
      Message: IDX10000: The parameter 'token' cannot be a 'null' or an empty object.  (Parameter 'token')
      ParamName: token
      TargetSite: System.IdentityModel.Tokens.Jwt.JwtSecurityToken ReadJwtToken(System.String)
      Data: System.Collections.ListDictionaryInternal
      HelpLink: 
      Source: System.IdentityModel.Tokens.Jwt
      HResult: -2147467261
      
      StackTrace Information
      *********************************************
         at System.IdentityModel.Tokens.Jwt.JwtSecurityTokenHandler.ReadJwtToken(String token)
         at BootstrapBlazor.Server.Identity.ApiAuthenticationStateProvider.ParseClaimsFromJwt1(String jwt) in /Users/admin/Documents/Projects/task9-ui/src/BootstrapBlazor.Server/Identity/ApiAuthenticationStateProvider.cs:line 167
         at BootstrapBlazor.Server.Identity.ApiAuthenticationStateProvider.GetCurrentUserId() in /Users/admin/Documents/Projects/task9-ui/src/BootstrapBlazor.Server/Identity/ApiAuthenticationStateProvider.cs:line 116
         at BootstrapBlazor.Server.Components.Task9.BaoCaoSEOTheoPIC.LoadPics() in /Users/admin/Documents/Projects/task9-ui/src/BootstrapBlazor.Server/Components/Task9/BaoCaoSEOTheoPIC.razor.cs:line 130
         at BootstrapBlazor.Server.Components.Task9.BaoCaoSEOTheoPIC.OnInitializedAsync() in /Users/admin/Documents/Projects/task9-ui/src/BootstrapBlazor.Server/Components/Task9/BaoCaoSEOTheoPIC.razor.cs:line 66
         at Microsoft.AspNetCore.Components.ComponentBase.RunInitAndSetParametersAsync()
         at Microsoft.AspNetCore.Components.RenderTree.Renderer.GetErrorHandledTask(Task taskToHandle, ComponentState owningComponentState)
      
      
fail: Microsoft.AspNetCore.Components.Server.Circuits.CircuitHost[111]
      General Information 
      *********************************************
      Additional Info
      TimeStamp: 25/10/2025 14:54:30
      MachineName: N-Dais-MacBook-Pro
      AppDomainName: BootstrapBlazor.Server
      OS: Darwin 25.0.0 Darwin Kernel Version 25.0.0: Wed Sep 17 21:41:50 PDT 2025; root:xnu-12377.1.9~141/RELEASE_ARM64_T6030
      Framework: .NET 9.0.4
      UserName: admin
      EnvironmentName: Development
      Message: Unhandled exception in circuit 'rhMHas8R2bpAAOCt8z1W9xgRhunj13iZ9VT1xDMmX5I'.
      
      1) Exception Information
      ---------------------------------------------
      Exception Type: BootstrapBlazor.Server.Exceptions.UnauthorizedException
      TargetSite: Void MoveNext()
      Message: 
      Data: System.Collections.ListDictionaryInternal
      HelpLink: 
      Source: BootstrapBlazor.Server
      HResult: -2146233088
      
      StackTrace Information
      *********************************************
         at BootstrapBlazor.Server.Http.RequestClient.ReturnApiResponse[T](HttpResponseMessage httpResponseMessage) in /Users/admin/Documents/Projects/task9-ui/src/BootstrapBlazor.Server/Http/HttpClientService.cs:line 209
         at BootstrapBlazor.Server.Http.RequestClient.PostAPIAsync[T](String URL, Object input, Boolean notifyOk) in /Users/admin/Documents/Projects/task9-ui/src/BootstrapBlazor.Server/Http/HttpClientService.cs:line 75
         at BootstrapBlazor.Server.Services.SeoKpiWeightService.GetListAsync() in /Users/admin/Documents/Projects/task9-ui/src/BootstrapBlazor.Server/Services/SeoKpiWeightService/SeoKpiWeightService.cs:line 14
         at BootstrapBlazor.Server.Components.Task9.EvaluateSeoPerformance.LoadKPIs() in /Users/admin/Documents/Projects/task9-ui/src/BootstrapBlazor.Server/Components/Task9/EvaluateSeoPerformance.razor.cs:line 161
         at BootstrapBlazor.Server.Components.Task9.EvaluateSeoPerformance.OnInitializedAsync() in /Users/admin/Documents/Projects/task9-ui/src/BootstrapBlazor.Server/Components/Task9/EvaluateSeoPerformance.razor.cs:line 108
         at Microsoft.AspNetCore.Components.ComponentBase.RunInitAndSetParametersAsync()
         at Microsoft.AspNetCore.Components.RenderTree.Renderer.GetErrorHandledTask(Task taskToHandle, ComponentState owningComponentState)
      
      
fail: Microsoft.AspNetCore.Components.Server.Circuits.CircuitHost[111]
      General Information 
      *********************************************
      Additional Info
      TimeStamp: 25/10/2025 14:54:36
      MachineName: N-Dais-MacBook-Pro
      AppDomainName: BootstrapBlazor.Server
      OS: Darwin 25.0.0 Darwin Kernel Version 25.0.0: Wed Sep 17 21:41:50 PDT 2025; root:xnu-12377.1.9~141/RELEASE_ARM64_T6030
      Framework: .NET 9.0.4
      UserName: admin
      EnvironmentName: Development
      Message: Unhandled exception in circuit 'nVlXlOaOhb4e02gD7qEftAwjyP3-V4DxnJxpu4wzWHw'.
      
      1) Exception Information
      ---------------------------------------------
      Exception Type: System.ArgumentNullException
      Message: IDX10000: The parameter 'token' cannot be a 'null' or an empty object.  (Parameter 'token')
      ParamName: token
      TargetSite: System.IdentityModel.Tokens.Jwt.JwtSecurityToken ReadJwtToken(System.String)
      Data: System.Collections.ListDictionaryInternal
      HelpLink: 
      Source: System.IdentityModel.Tokens.Jwt
      HResult: -2147467261
      
      StackTrace Information
      *********************************************
         at System.IdentityModel.Tokens.Jwt.JwtSecurityTokenHandler.ReadJwtToken(String token)
         at BootstrapBlazor.Server.Identity.ApiAuthenticationStateProvider.ParseClaimsFromJwt1(String jwt) in /Users/admin/Documents/Projects/task9-ui/src/BootstrapBlazor.Server/Identity/ApiAuthenticationStateProvider.cs:line 167
         at BootstrapBlazor.Server.Identity.ApiAuthenticationStateProvider.GetCurrentUserId() in /Users/admin/Documents/Projects/task9-ui/src/BootstrapBlazor.Server/Identity/ApiAuthenticationStateProvider.cs:line 116
         at BootstrapBlazor.Server.Components.Task9.BaoCaoSEOTheoPIC.LoadPics() in /Users/admin/Documents/Projects/task9-ui/src/BootstrapBlazor.Server/Components/Task9/BaoCaoSEOTheoPIC.razor.cs:line 130
         at BootstrapBlazor.Server.Components.Task9.BaoCaoSEOTheoPIC.OnInitializedAsync() in /Users/admin/Documents/Projects/task9-ui/src/BootstrapBlazor.Server/Components/Task9/BaoCaoSEOTheoPIC.razor.cs:line 66
         at Microsoft.AspNetCore.Components.ComponentBase.RunInitAndSetParametersAsync()
         at Microsoft.AspNetCore.Components.RenderTree.Renderer.GetErrorHandledTask(Task taskToHandle, ComponentState owningComponentState)
      
      
fail: Microsoft.AspNetCore.Components.Server.Circuits.CircuitHost[111]
      General Information 
      *********************************************
      Additional Info
      TimeStamp: 25/10/2025 14:54:54
      MachineName: N-Dais-MacBook-Pro
      AppDomainName: BootstrapBlazor.Server
      OS: Darwin 25.0.0 Darwin Kernel Version 25.0.0: Wed Sep 17 21:41:50 PDT 2025; root:xnu-12377.1.9~141/RELEASE_ARM64_T6030
      Framework: .NET 9.0.4
      UserName: admin
      EnvironmentName: Development
      Message: Unhandled exception in circuit 'wWFf7tBgx8BPX1GbXrLlEPXlP_bS2--nsMYrm6-oisM'.
      
      1) Exception Information
      ---------------------------------------------
      Exception Type: Microsoft.JSInterop.JSException
      TargetSite: Void Throw()
      Message: Cannot read properties of null (reading 'classList')
      TypeError: Cannot read properties of null (reading 'classList')
          at Module.init (https://localhost:5053/_content/BootstrapBlazor/Components/Modal/ModalDialog.razor.js:12:27)
          at https://localhost:5053/_framework/blazor.web.js:1:2900
          at new Promise (<anonymous>)
          at w.beginInvokeJSFromDotNet (https://localhost:5053/_framework/blazor.web.js:1:2857)
          at vn._invokeClientMethod (https://localhost:5053/_framework/blazor.web.js:1:65750)
          at vn._processIncomingData (https://localhost:5053/_framework/blazor.web.js:1:63139)
          at Rn.onreceive (https://localhost:5053/_framework/blazor.web.js:1:56780)
          at WebSocket.<anonymous> (https://localhost:5053/_framework/blazor.web.js:1:80728)
      Data: System.Collections.ListDictionaryInternal
      HelpLink: 
      Source: System.Private.CoreLib
      HResult: -2146233088
      
      StackTrace Information
      *********************************************
         at Microsoft.JSInterop.JSObjectReferenceExtensions.InvokeVoidAsync(IJSObjectReference jsObjectReference, String identifier, CancellationToken cancellationToken, Object[] args)
         at BootstrapBlazor.Components.JSModule.InvokeVoidAsync(String identifier, CancellationToken cancellationToken, Object[] args) in /Users/admin/Documents/Projects/task9-ui/src/BootstrapBlazor/Utils/JSModule.cs:line 54
         at BootstrapBlazor.Components.BootstrapModuleComponentBase.InvokeVoidAsync(String identifier, CancellationToken cancellationToken, Object[] args) in /Users/admin/Documents/Projects/task9-ui/src/BootstrapBlazor/Components/BaseComponents/BootstrapModuleComponentBase.cs:line 145
         at BootstrapBlazor.Components.BootstrapModuleComponentBase.OnAfterRenderAsync(Boolean firstRender) in /Users/admin/Documents/Projects/task9-ui/src/BootstrapBlazor/Components/BaseComponents/BootstrapModuleComponentBase.cs:line 73
         at Microsoft.AspNetCore.Components.RenderTree.Renderer.GetErrorHandledTask(Task taskToHandle, ComponentState owningComponentState)
      
      
fail: Microsoft.AspNetCore.Components.Server.Circuits.CircuitHost[111]
      General Information 
      *********************************************
      Additional Info
      TimeStamp: 25/10/2025 14:54:54
      MachineName: N-Dais-MacBook-Pro
      AppDomainName: BootstrapBlazor.Server
      OS: Darwin 25.0.0 Darwin Kernel Version 25.0.0: Wed Sep 17 21:41:50 PDT 2025; root:xnu-12377.1.9~141/RELEASE_ARM64_T6030
      Framework: .NET 9.0.4
      UserName: admin
      EnvironmentName: Development
      Message: Unhandled exception in circuit 'wWFf7tBgx8BPX1GbXrLlEPXlP_bS2--nsMYrm6-oisM'.
      
      1) Exception Information
      ---------------------------------------------
      Exception Type: System.ArgumentNullException
      Message: IDX10000: The parameter 'token' cannot be a 'null' or an empty object.  (Parameter 'token')
      ParamName: token
      TargetSite: System.IdentityModel.Tokens.Jwt.JwtSecurityToken ReadJwtToken(System.String)
      Data: System.Collections.ListDictionaryInternal
      HelpLink: 
      Source: System.IdentityModel.Tokens.Jwt
      HResult: -2147467261
      
      StackTrace Information
      *********************************************
         at System.IdentityModel.Tokens.Jwt.JwtSecurityTokenHandler.ReadJwtToken(String token)
         at BootstrapBlazor.Server.Identity.ApiAuthenticationStateProvider.ParseClaimsFromJwt1(String jwt) in /Users/admin/Documents/Projects/task9-ui/src/BootstrapBlazor.Server/Identity/ApiAuthenticationStateProvider.cs:line 167
         at BootstrapBlazor.Server.Identity.ApiAuthenticationStateProvider.GetCurrentUserId() in /Users/admin/Documents/Projects/task9-ui/src/BootstrapBlazor.Server/Identity/ApiAuthenticationStateProvider.cs:line 116
         at BootstrapBlazor.Server.Components.Task9.BaoCaoSEOTheoPIC.LoadPics() in /Users/admin/Documents/Projects/task9-ui/src/BootstrapBlazor.Server/Components/Task9/BaoCaoSEOTheoPIC.razor.cs:line 130
         at BootstrapBlazor.Server.Components.Task9.BaoCaoSEOTheoPIC.OnInitializedAsync() in /Users/admin/Documents/Projects/task9-ui/src/BootstrapBlazor.Server/Components/Task9/BaoCaoSEOTheoPIC.razor.cs:line 66
         at Microsoft.AspNetCore.Components.ComponentBase.RunInitAndSetParametersAsync()
         at Microsoft.AspNetCore.Components.RenderTree.Renderer.GetErrorHandledTask(Task taskToHandle, ComponentState owningComponentState)
      
      
fail: Microsoft.AspNetCore.Components.Server.Circuits.CircuitHost[111]
      General Information 
      *********************************************
      Additional Info
      TimeStamp: 25/10/2025 14:58:48
      MachineName: N-Dais-MacBook-Pro
      AppDomainName: BootstrapBlazor.Server
      OS: Darwin 25.0.0 Darwin Kernel Version 25.0.0: Wed Sep 17 21:41:50 PDT 2025; root:xnu-12377.1.9~141/RELEASE_ARM64_T6030
      Framework: .NET 9.0.4
      UserName: admin
      EnvironmentName: Development
      Message: Unhandled exception in circuit 'iUXjmxHr6NeoRWwTcSZ-d8ajpTxF_Noz6dAMYceQpRs'.
      
      1) Exception Information
      ---------------------------------------------
      Exception Type: Microsoft.JSInterop.JSException
      TargetSite: Void Throw()
      Message: Cannot read properties of null (reading 'dispose')
      TypeError: Cannot read properties of null (reading 'dispose')
          at Module.dispose (https://localhost:5053/_content/BootstrapBlazor.UniverSheet/Components/UniverSheet.razor.js:37:32)
          at https://localhost:5053/_framework/blazor.web.js:1:2900
          at new Promise (<anonymous>)
          at w.beginInvokeJSFromDotNet (https://localhost:5053/_framework/blazor.web.js:1:2857)
          at vn._invokeClientMethod (https://localhost:5053/_framework/blazor.web.js:1:65750)
          at vn._processIncomingData (https://localhost:5053/_framework/blazor.web.js:1:63139)
          at Rn.onreceive (https://localhost:5053/_framework/blazor.web.js:1:56780)
          at WebSocket.<anonymous> (https://localhost:5053/_framework/blazor.web.js:1:80728)
      Data: System.Collections.ListDictionaryInternal
      HelpLink: 
      Source: System.Private.CoreLib
      HResult: -2146233088
      
      StackTrace Information
      *********************************************
         at Microsoft.JSInterop.JSObjectReferenceExtensions.InvokeVoidAsync(IJSObjectReference jsObjectReference, String identifier, CancellationToken cancellationToken, Object[] args)
         at BootstrapBlazor.Components.JSModule.InvokeVoidAsync(String identifier, CancellationToken cancellationToken, Object[] args) in /Users/admin/Documents/Projects/task9-ui/src/BootstrapBlazor/Utils/JSModule.cs:line 54
         at BootstrapBlazor.Components.BootstrapModuleComponentBase.DisposeAsync(Boolean disposing) in /Users/admin/Documents/Projects/task9-ui/src/BootstrapBlazor/Components/BaseComponents/BootstrapModuleComponentBase.cs:line 208
         at BootstrapBlazor.Components.BootstrapModuleComponentBase.DisposeAsync() in /Users/admin/Documents/Projects/task9-ui/src/BootstrapBlazor/Components/BaseComponents/BootstrapModuleComponentBase.cs:line 223
         at Microsoft.AspNetCore.Components.RenderTree.Renderer.<ProcessDisposalQueueInExistingBatch>g__GetHandledAsynchronousDisposalErrorsTask|87_0(Task result)
      
      
fail: Microsoft.AspNetCore.Components.Server.Circuits.CircuitHost[111]
      General Information 
      *********************************************
      Additional Info
      TimeStamp: 25/10/2025 14:58:49
      MachineName: N-Dais-MacBook-Pro
      AppDomainName: BootstrapBlazor.Server
      OS: Darwin 25.0.0 Darwin Kernel Version 25.0.0: Wed Sep 17 21:41:50 PDT 2025; root:xnu-12377.1.9~141/RELEASE_ARM64_T6030
      Framework: .NET 9.0.4
      UserName: admin
      EnvironmentName: Development
      Message: Unhandled exception in circuit 'iUXjmxHr6NeoRWwTcSZ-d8ajpTxF_Noz6dAMYceQpRs'.
      
      1) Exception Information
      ---------------------------------------------
      Exception Type: Microsoft.JSInterop.JSDisconnectedException
      TargetSite: Void BeginInvokeJS(Int64, System.String, System.String, Microsoft.JSInterop.JSCallResultType, Int64)
      Message: JavaScript interop calls cannot be issued at this time. This is because the circuit has disconnected and is being disposed.
      Data: System.Collections.ListDictionaryInternal
      HelpLink: 
      Source: Microsoft.AspNetCore.Components.Server
      HResult: -2146233088
      
      StackTrace Information
      *********************************************
         at Microsoft.AspNetCore.Components.Server.Circuits.RemoteJSRuntime.BeginInvokeJS(Int64 asyncHandle, String identifier, String argsJson, JSCallResultType resultType, Int64 targetInstanceId)
         at Microsoft.JSInterop.JSRuntime.InvokeAsync[TValue](Int64 targetInstanceId, String identifier, CancellationToken cancellationToken, Object[] args)
         at Microsoft.JSInterop.JSRuntime.InvokeAsync[TValue](String identifier, CancellationToken cancellationToken, Object[] args)
         at Microsoft.JSInterop.JSRuntimeExtensions.InvokeAsync[TValue](IJSRuntime jsRuntime, String identifier, CancellationToken cancellationToken, Object[] args)
         at Blazored.LocalStorage.BrowserStorageProvider.GetItemAsync(String key, CancellationToken cancellationToken)
         at Blazored.LocalStorage.LocalStorageService.GetItemAsync[T](String key, CancellationToken cancellationToken)
         at BootstrapBlazor.Server.Identity.ApiAuthenticationStateProvider.GetUserRolesAsync() in /Users/admin/Documents/Projects/task9-ui/src/BootstrapBlazor.Server/Identity/ApiAuthenticationStateProvider.cs:line 124
         at BootstrapBlazor.Server.Components.Task9.EvaluateSeoPerformance.LoadPics() in /Users/admin/Documents/Projects/task9-ui/src/BootstrapBlazor.Server/Components/Task9/EvaluateSeoPerformance.razor.cs:line 175
         at BootstrapBlazor.Server.Components.Task9.EvaluateSeoPerformance.OnInitializedAsync() in /Users/admin/Documents/Projects/task9-ui/src/BootstrapBlazor.Server/Components/Task9/EvaluateSeoPerformance.razor.cs:line 108
         at Microsoft.AspNetCore.Components.ComponentBase.RunInitAndSetParametersAsync()
         at Microsoft.AspNetCore.Components.RenderTree.Renderer.GetErrorHandledTask(Task taskToHandle, ComponentState owningComponentState)
      
      
